\BOOKMARK [0][-]{chapter.1}{Introdu\347\343o}{}% 1
\BOOKMARK [1][-]{section.1.1}{Estrutura do Trabalho}{chapter.1}% 2
\BOOKMARK [1][-]{section.1.2}{Recurso Utilizados}{chapter.1}% 3
\BOOKMARK [1][-]{section.1.3}{Objetivos}{chapter.1}% 4
\BOOKMARK [2][-]{subsection.1.3.1}{Objetivos Gerais}{section.1.3}% 5
\BOOKMARK [2][-]{subsection.1.3.2}{Objetivos Espec\355ficos}{section.1.3}% 6
\BOOKMARK [0][-]{chapter.2}{Tecnologias Envolvidas}{}% 7
\BOOKMARK [1][-]{section.2.1}{Display Touchscreen TOPWAY - HKT080ATA-C}{chapter.2}% 8
\BOOKMARK [1][-]{section.2.2}{Raspberry Pi Zero W}{chapter.2}% 9
\BOOKMARK [1][-]{section.2.3}{Indicadores de Destino - DMS}{chapter.2}% 10
\BOOKMARK [1][-]{section.2.4}{Interface de Comunica\347\343o UART-RS485}{chapter.2}% 11
\BOOKMARK [1][-]{section.2.5}{Gestor de Indica\347\343o de Destinos}{chapter.2}% 12
\BOOKMARK [2][-]{subsection.2.5.1}{Protocolo LDESIGN}{section.2.5}% 13
\BOOKMARK [0][-]{chapter.3}{Desenvolvimento da Aplica\347\343o DMSConsole}{}% 14
\BOOKMARK [1][-]{section.3.1}{Gerenciador XML}{chapter.3}% 15
\BOOKMARK [1][-]{section.3.2}{Gerenciador de Interface}{chapter.3}% 16
\BOOKMARK [2][-]{subsection.3.2.1}{P\341gina de Sele\347\343o de Destino}{section.3.2}% 17
\BOOKMARK [2][-]{subsection.3.2.2}{P\341gina de Sele\347\343o de Linha}{section.3.2}% 18
\BOOKMARK [2][-]{subsection.3.2.3}{P\341gina do Menu de Configura\347\365es}{section.3.2}% 19
\BOOKMARK [2][-]{subsection.3.2.4}{P\341gina de Sele\347\343o de Fontes}{section.3.2}% 20
\BOOKMARK [2][-]{subsection.3.2.5}{P\341gina de Edi\347\343o de Fontes}{section.3.2}% 21
\BOOKMARK [2][-]{subsection.3.2.6}{P\341gina de Configura\347\343o dos Pain\351is}{section.3.2}% 22
\BOOKMARK [2][-]{subsection.3.2.7}{P\341gina de Configura\347\343o do Display}{section.3.2}% 23
\BOOKMARK [2][-]{subsection.3.2.8}{Gerenciador Pain\351is}{section.3.2}% 24
\BOOKMARK [3][-]{subsubsection.3.2.8.1}{MSG Network Config}{subsection.3.2.8}% 25
\BOOKMARK [3][-]{subsubsection.3.2.8.2}{MSG Define Brightness}{subsection.3.2.8}% 26
\BOOKMARK [3][-]{subsubsection.3.2.8.3}{MSG Reset}{subsection.3.2.8}% 27
\BOOKMARK [3][-]{subsubsection.3.2.8.4}{MSG INFO}{subsection.3.2.8}% 28
\BOOKMARK [3][-]{subsubsection.3.2.8.5}{MSG Panel Test}{subsection.3.2.8}% 29
\BOOKMARK [3][-]{subsubsection.3.2.8.6}{ACK e NACK}{subsection.3.2.8}% 30
\BOOKMARK [3][-]{subsubsection.3.2.8.7}{Panel ID}{subsection.3.2.8}% 31
\BOOKMARK [2][-]{subsection.3.2.9}{Bit Bang para Comunica\347\343o UART-RS485}{section.3.2}% 32
\BOOKMARK [0][-]{chapter.4}{Montagem e Teste do Prot\363tipo}{}% 33
\BOOKMARK [1][-]{section.4.1}{Desenvolvimento da Placa de Integra\347\343o}{chapter.4}% 34
\BOOKMARK [1][-]{section.4.2}{Realiza\347\343o dos Testes}{chapter.4}% 35
\BOOKMARK [0][-]{chapter.5}{Conclus\343o}{}% 36
